This file contains any messages produced by compilers while
running configure, to aid debugging if configure makes a mistake.

It was created by GNU MP configure 6.3.0, which was
generated by GNU Autoconf 2.69.  Invocation command line was

  $ ./configure --host=none-none-none --enable-cxx CC=emcc

## --------- ##
## Platform. ##
## --------- ##

hostname = nixos-asahi
uname -m = aarch64
uname -r = 6.10.6-asahi
uname -s = Linux
uname -v = #1-NixOS SMP PREEMPT_DYNAMIC Tue Jan  1 00:00:00 UTC 1980

/usr/bin/uname -p = unknown
/bin/uname -X     = unknown

/bin/arch              = unknown
/usr/bin/arch -k       = unknown
/usr/convex/getsysinfo = unknown
/usr/bin/hostinfo      = unknown
/bin/machine           = unknown
/usr/bin/oslevel       = unknown
/bin/universe          = unknown

PATH: /home/adrian/.emscripten_cache/sysroot/bin
PATH: /nix/store/hfss2yv14awzjkfl66ic14wn7szf5spi-bash-interactive-5.2p32/bin
PATH: /nix/store/bkykjz2vxxhrq94qzsxwv8i4hypw9x0m-patchelf-0.15.0/bin
PATH: /nix/store/q1bas0gp3flgciliddhcwbz3ps1pdnb2-gcc-wrapper-13.3.0/bin
PATH: /nix/store/gvs1z5fzx12xp787ays1ncqlfgv3j1c8-gcc-13.3.0/bin
PATH: /nix/store/f6avack1dn0m6iyfb0szgnvwjngphia0-glibc-2.39-52-bin/bin
PATH: /nix/store/ssqdazslv2wjpybnk0pjwnpq0dfpa6q2-coreutils-9.5/bin
PATH: /nix/store/10yx22wk9pisky9n4apvj62gccpihjyz-binutils-wrapper-2.42/bin
PATH: /nix/store/f3k0rdhcd2cx57phx755c2xixgifw5m5-binutils-2.42/bin
PATH: /nix/store/3x97fiw6g5x1r18f5iikvl5fsn487lnm-emscripten-3.1.64/bin
PATH: /nix/store/r05x7gzyxq4j1yj6vqbjwcc41yaab948-clang-wrapper-18.1.8/bin
PATH: /nix/store/5zw6c2xy511ah9big692rxl5k5ir8h76-clang-18.1.8/bin
PATH: /nix/store/jd4hrvzk2pfr4gimkz3fbsmp3w74hzqj-binutils-wrapper-2.42/bin
PATH: /nix/store/60grc982rrgb7b0131k1jylwnqkxiy2l-compiler-rt-libc-18.1.8/bin
PATH: /nix/store/ssqdazslv2wjpybnk0pjwnpq0dfpa6q2-coreutils-9.5/bin
PATH: /nix/store/ybyw35n7g5zh89xhav28jgz6hwr2rdg4-findutils-4.10.0/bin
PATH: /nix/store/613s7ah6cg1146v8n5mpssnzrdd9pv2y-diffutils-3.10/bin
PATH: /nix/store/5ri0v39300yv8b17ywn1vab716cwj2wx-gnused-4.9/bin
PATH: /nix/store/fxf2s99x6hiaihxij4rah74x16d9svfl-gnugrep-3.11/bin
PATH: /nix/store/0wlv1bcjfjgncikkh68llwgg2ali8xf1-gawk-5.2.2/bin
PATH: /nix/store/jr0dq64jp1fkji0vbffx8swfnr7z9fw9-gnutar-1.35/bin
PATH: /nix/store/m4x7f54mvac4lfm58rpshb2wyc5f18v7-gzip-1.13/bin
PATH: /nix/store/gmi7jszbl7afpfy3lsdwi98qqn8imrxd-bzip2-1.0.8-bin/bin
PATH: /nix/store/56dkng4ym35pk4mcl3wkhccpv275a34c-gnumake-4.4.1/bin
PATH: /nix/store/8jind2ncd72hlzym9pghjjdj79fvqzv5-bash-5.2p32/bin
PATH: /nix/store/wzz8xkssnfcrfs5n80f6x6vslan4pvl9-patch-2.7.6/bin
PATH: /nix/store/6kw7h4yqp74ab7png3m31nsly9zsz8vq-xz-5.6.2-bin/bin
PATH: /nix/store/2c2jr3dbigh4wmaj7w36nwj9jf6m30rc-file-5.45/bin
PATH: /run/wrappers/bin
PATH: /home/adrian/.nix-profile/bin
PATH: /nix/profile/bin
PATH: /home/adrian/.local/state/nix/profile/bin
PATH: /etc/profiles/per-user/adrian/bin
PATH: /nix/var/nix/profiles/default/bin
PATH: /run/current-system/sw/bin
PATH: /nix/store/10yx22wk9pisky9n4apvj62gccpihjyz-binutils-wrapper-2.42/bin
PATH: /nix/store/z0l6npgnvfw1bfjgrjvsgdv73ns3pjhc-pciutils-3.13.0/bin
PATH: /nix/store/vy5p514i7qzzmka64vv8rn90labnvsli-pkgconf-wrapper-2.3.0/bin


## ----------- ##
## Core tests. ##
## ----------- ##

configure:3056: checking build system type
configure:3070: result: aarch64-unknown-linux-gnu
configure:3090: checking host system type
configure:3103: result: none-none-none
configure:3140: checking for a BSD-compatible install
configure:3208: result: /nix/store/ssqdazslv2wjpybnk0pjwnpq0dfpa6q2-coreutils-9.5/bin/install -c
configure:3219: checking whether build environment is sane
configure:3274: result: yes
configure:3333: checking for none-none-none-strip
configure:3360: result: strip
configure:3425: checking for a thread-safe mkdir -p
configure:3464: result: /nix/store/ssqdazslv2wjpybnk0pjwnpq0dfpa6q2-coreutils-9.5/bin/mkdir -p
configure:3471: checking for gawk
configure:3487: found /nix/store/0wlv1bcjfjgncikkh68llwgg2ali8xf1-gawk-5.2.2/bin/gawk
configure:3498: result: gawk
configure:3509: checking whether make sets $(MAKE)
configure:3531: result: yes
configure:3560: checking whether make supports nested variables
configure:3577: result: yes
configure:3706: checking whether to enable maintainer-specific portions of Makefiles
configure:3715: result: no
configure:5748: WARNING: the "none" host is obsolete, use --disable-assembly
User:
ABI=
CC=emcc
CFLAGS=(unset)
CPPFLAGS=(unset)
MPN_PATH=
GMP:
abilist=standard
cclist=gcc cc
configure:5889: emcc -c conftest.c >&5
configure:5892: $? = 0
configure:5895: checking whether emcc is gcc
configure:5897: result: yes
configure:5911: emcc 2>&1 | grep xlc >/dev/null
configure:5914: $? = 1
configure:5968: checking compiler emcc -O2 -pedantic 
Test compile: 
configure:5982: emcc -O2 -pedantic  conftest.c >&5
conftest.c:2:10: warning: a function declaration without a prototype is deprecated in all versions of C [-Wstrict-prototypes]
    2 | int main () { return 0; }
      |          ^
      |           void
1 warning generated.
configure:5985: $? = 0
Test compile: function pointer return
configure:6036: emcc -O2 -pedantic  conftest.c >&5
conftest.c:3:8: warning: a function declaration without a prototype is deprecated in all versions of C [-Wstrict-prototypes]
    3 | void *g() { return (void *) 0; }
      |        ^
      |         void
conftest.c:4:8: warning: a function declaration without a prototype is deprecated in all versions of C [-Wstrict-prototypes]
    4 | void *f() { return g(); }
      |        ^
      |         void
conftest.c:6:10: warning: a function declaration without a prototype is deprecated in all versions of C [-Wstrict-prototypes]
    6 | int main () { return 0; }
      |          ^
      |           void
3 warnings generated.
configure:6039: $? = 0
Test compile: cmov instruction
configure:6092: emcc -O2 -pedantic  conftest.c >&5
conftest.c:6:10: warning: a function declaration without a prototype is deprecated in all versions of C [-Wstrict-prototypes]
    6 | int cmov () { return (n >= 0 ? n : 0); }
      |          ^
      |           void
conftest.c:8:10: warning: a function declaration without a prototype is deprecated in all versions of C [-Wstrict-prototypes]
    8 | int main () { return 0; }
      |          ^
      |           void
2 warnings generated.
configure:6095: $? = 0
Test compile: double -> ulong conversion
configure:6149: emcc -O2 -pedantic  conftest.c >&5
conftest.c:7:22: warning: a function declaration without a prototype is deprecated in all versions of C [-Wstrict-prototypes]
    7 | unsigned long gcc303 () { return (unsigned long) d; }
      |                      ^
      |                       void
conftest.c:9:10: warning: a function declaration without a prototype is deprecated in all versions of C [-Wstrict-prototypes]
    9 | int main () { return 0; }
      |          ^
      |           void
2 warnings generated.
configure:6152: $? = 0
Test compile: double negation
configure:6204: emcc -O2 -pedantic  conftest.c >&5
conftest.c:5:20: warning: a function declaration without a prototype is deprecated in all versions of C [-Wstrict-prototypes]
    5 | unsigned long fneg () { return -fneg_data; }
      |                    ^
      |                     void
conftest.c:7:10: warning: a function declaration without a prototype is deprecated in all versions of C [-Wstrict-prototypes]
    7 | int main () { return 0; }
      |          ^
      |           void
2 warnings generated.
configure:6207: $? = 0
Test compile: double -> float conversion
configure:6260: emcc -O2 -pedantic  conftest.c >&5
conftest.c:6:12: warning: a function declaration without a prototype is deprecated in all versions of C [-Wstrict-prototypes]
    6 | float ftod () { return (float) ftod_data; }
      |            ^
      |             void
conftest.c:8:10: warning: a function declaration without a prototype is deprecated in all versions of C [-Wstrict-prototypes]
    8 | int main () { return 0; }
      |          ^
      |           void
2 warnings generated.
configure:6263: $? = 0
Test compile: gnupro alpha ev6 char spilling
configure:6345: emcc -O2 -pedantic  conftest.c >&5
conftest.c:16:12: warning: a function declaration without a prototype is deprecated in all versions of C [-Wstrict-prototypes]
   16 | param_init ()
      |            ^
      |             void
conftest.c:37:10: warning: a function declaration without a prototype is deprecated in all versions of C [-Wstrict-prototypes]
   37 | int main () { return 0; }
      |          ^
      |           void
2 warnings generated.
configure:6348: $? = 0
Test compile: __builtin_alloca availability
configure:6396: emcc -O2 -pedantic  conftest.c >&5
conftest.c:1:16: warning: a function declaration without a prototype is deprecated in all versions of C [-Wstrict-prototypes]
    1 | int k; int foo () { __builtin_alloca (k); }
      |                ^
      |                 void
conftest.c:1:43: warning: non-void function does not return a value [-Wreturn-type]
    1 | int k; int foo () { __builtin_alloca (k); }
      |                                           ^
2 warnings generated.
configure:6399: $? = 0
Test compile: alloca array
configure:6442: emcc -O2 -pedantic  conftest.c >&5
conftest.c:4:9: warning: a function declaration without a prototype is deprecated in all versions of C [-Wstrict-prototypes]
    4 | int foo ()
      |         ^
      |          void
conftest.c:10:1: warning: non-void function does not return a value [-Wreturn-type]
   10 | }
      | ^
conftest.c:12:10: warning: a function declaration without a prototype is deprecated in all versions of C [-Wstrict-prototypes]
   12 | int main () { return 0; }
      |          ^
      |           void
3 warnings generated.
configure:6445: $? = 0
Test compile: abs int -> double conversion
configure:6520: emcc -O2 -pedantic  conftest.c >&5
conftest.c:13:7: warning: a function declaration without a prototype is deprecated in all versions of C [-Wstrict-prototypes]
   13 | int f ()
      |       ^
      |        void
conftest.c:20:10: warning: a function declaration without a prototype is deprecated in all versions of C [-Wstrict-prototypes]
   20 | int main () { return 0; }
      |          ^
      |           void
2 warnings generated.
configure:6523: $? = 0
Test compile: long long reliability test 1
configure:6585: emcc -O2 -pedantic  conftest.c >&5
conftest.c:7:7: warning: a function declaration without a prototype is deprecated in all versions of C [-Wstrict-prototypes]
    7 | void g(){}
      |       ^
      |        void
conftest.c:8:7: warning: a function declaration without a prototype is deprecated in all versions of C [-Wstrict-prototypes]
    8 | void h(){}
      |       ^
      |        void
conftest.c:11:7: warning: a function declaration without a prototype is deprecated in all versions of C [-Wstrict-prototypes]
   11 | void f(){static const struct{t1 n;t1 src[9];t1 want[9];}d[]={{1,{0},{1}},};t1 got[9];int i;
      |       ^
      |        void
conftest.c:12:83: warning: too many arguments in call to 'g'
   12 | for(i=0;i<1;i++){if(e(got,got,9,d[i].n)==0)h();g(i,d[i].src,d[i].n,got,d[i].want,9);if(d[i].n)h();}}
      |                                                ~                                  ^
conftest.c:12:49: warning: passing arguments to 'g' without a prototype is deprecated in all versions of C and is not supported in C23 [-Wdeprecated-non-prototype]
   12 | for(i=0;i<1;i++){if(e(got,got,9,d[i].n)==0)h();g(i,d[i].src,d[i].n,got,d[i].want,9);if(d[i].n)h();}}
      |                                                 ^
conftest.c:17:10: warning: a function declaration without a prototype is deprecated in all versions of C [-Wstrict-prototypes]
   17 | int main () { return 0; }
      |          ^
      |           void
6 warnings generated.
configure:6588: $? = 0
Test compile: long long reliability test 2
configure:6646: emcc -O2 -pedantic  conftest.c >&5
conftest.c:6:6: warning: a function declaration without a prototype is deprecated in all versions of C [-Wstrict-prototypes]
    6 | int g();
      |      ^
      |       void
conftest.c:8:6: warning: a function declaration without a prototype is deprecated in all versions of C [-Wstrict-prototypes]
    8 | int g(){return 0;}
      |      ^
      |       void
conftest.c:13:10: warning: a function declaration without a prototype is deprecated in all versions of C [-Wstrict-prototypes]
   13 | int main () { return 0; }
      |          ^
      |           void
3 warnings generated.
configure:6649: $? = 0
Test compile: freebsd hacked gcc
configure:6707: emcc -O2 -pedantic  conftest.c >&5
conftest.c:13:10: warning: a function declaration without a prototype is deprecated in all versions of C [-Wstrict-prototypes]
   13 | int main () { return 0; }
      |          ^
      |           void
1 warning generated.
configure:6710: $? = 0
Test compile: mpn_lshift_com optimization
configure:6806: emcc -O2 -pedantic  conftest.c >&5
conftest.c:12:1: warning: a function definition without a prototype is deprecated in all versions of C and is not supported in C23 [-Wdeprecated-non-prototype]
   12 | lshift_com (rp, up, n, cnt)
      | ^
conftest.c:34:6: warning: a function declaration without a prototype is deprecated in all versions of C [-Wstrict-prototypes]
   34 | main ()
      |      ^
      |       void
2 warnings generated.
configure:6809: $? = 0
Test compile: mpn_lshift_com optimization 2
configure:6915: emcc -O2 -pedantic  conftest.c >&5
conftest.c:10:1: warning: a function definition without a prototype is deprecated in all versions of C and is not supported in C23 [-Wdeprecated-non-prototype]
   10 | lshift_com (rp, up, n, cnt)
      | ^
conftest.c:33:6: warning: a function declaration without a prototype is deprecated in all versions of C [-Wstrict-prototypes]
   33 | main ()
      |      ^
      |       void
2 warnings generated.
configure:6918: $? = 0
configure:7072: result: yes
configure:8804: checking for none-none-none-gcc
configure:8831: result: emcc
configure:9100: checking for C compiler version
configure:9109: emcc --version >&5
emcc (Emscripten gcc/clang-like replacement + linker emulating GNU ld) 3.1.64-git
Copyright (C) 2014 the Emscripten authors (see AUTHORS.txt)
This is free and open source software under the MIT license.
There is NO warranty; not even for MERCHANTABILITY or FITNESS FOR A PARTICULAR PURPOSE.

configure:9120: $? = 0
configure:9109: emcc -v >&5
emcc (Emscripten gcc/clang-like replacement + linker emulating GNU ld) 3.1.64-git
clang version 19.1.1
Target: wasm32-unknown-emscripten
Thread model: posix
InstalledDir: /nix/store/byrnmdgs12cf7yzj2zlyfsgbh1778m8n-clang-19.1.1/bin
configure:9120: $? = 0
configure:9109: emcc -V >&5
emcc: error: no input files
configure:9120: $? = 1
configure:9109: emcc -qversion >&5
emcc: error: no input files
configure:9120: $? = 1
configure:9140: checking whether the C compiler works
configure:9162: emcc -O2 -pedantic   conftest.c  >&5
conftest.c:15:6: warning: a function declaration without a prototype is deprecated in all versions of C [-Wstrict-prototypes]
   15 | main ()
      |      ^
      |       void
1 warning generated.
configure:9166: $? = 0
configure:9214: result: yes
configure:9217: checking for C compiler default output file name
configure:9219: result: a.out
configure:9225: checking for suffix of executables
configure:9232: emcc -o conftest -O2 -pedantic   conftest.c  >&5
conftest.c:15:6: warning: a function declaration without a prototype is deprecated in all versions of C [-Wstrict-prototypes]
   15 | main ()
      |      ^
      |       void
1 warning generated.
configure:9236: $? = 0
configure:9258: result: 
configure:9280: checking whether we are cross compiling
configure:9288: emcc -o conftest -O2 -pedantic   conftest.c  >&5
conftest.c:15:6: warning: a function declaration without a prototype is deprecated in all versions of C [-Wstrict-prototypes]
   15 | main ()
      |      ^
      |       void
1 warning generated.
configure:9292: $? = 0
configure:9299: ./conftest
configure:9303: $? = 0
configure:9318: result: no
configure:9323: checking for suffix of object files
configure:9345: emcc -c -O2 -pedantic  conftest.c >&5
conftest.c:15:6: warning: a function declaration without a prototype is deprecated in all versions of C [-Wstrict-prototypes]
   15 | main ()
      |      ^
      |       void
1 warning generated.
configure:9349: $? = 0
configure:9370: result: o
configure:9374: checking whether we are using the GNU C compiler
configure:9393: emcc -c -O2 -pedantic  conftest.c >&5
conftest.c:15:6: warning: a function declaration without a prototype is deprecated in all versions of C [-Wstrict-prototypes]
   15 | main ()
      |      ^
      |       void
1 warning generated.
configure:9393: $? = 0
configure:9402: result: yes
configure:9411: checking whether emcc accepts -g
configure:9431: emcc -c -g  conftest.c >&5
configure:9431: $? = 0
configure:9472: result: yes
configure:9489: checking for emcc option to accept ISO C89
configure:9552: emcc  -c -O2 -pedantic  conftest.c >&5
conftest.c:19:14: warning: a function definition without a prototype is deprecated in all versions of C and is not supported in C23 [-Wdeprecated-non-prototype]
   19 | static char *e (p, i)
      |              ^
conftest.c:56:6: warning: a function declaration without a prototype is deprecated in all versions of C [-Wstrict-prototypes]
   56 | main ()
      |      ^
      |       void
2 warnings generated.
configure:9552: $? = 0
configure:9565: result: none needed
configure:9590: checking whether emcc understands -c and -o together
configure:9612: emcc -c conftest.c -o conftest2.o
configure:9615: $? = 0
configure:9612: emcc -c conftest.c -o conftest2.o
configure:9615: $? = 0
configure:9627: result: yes
configure:9644: checking for emcc option to accept ISO C99
configure:9793: emcc  -c -O2 -pedantic  conftest.c >&5
conftest.c:108:6: warning: a function declaration without a prototype is deprecated in all versions of C [-Wstrict-prototypes]
  108 | main ()
      |      ^
      |       void
1 warning generated.
configure:9793: $? = 0
configure:9806: result: none needed
configure:9826: checking how to run the C preprocessor
configure:9857: emcc -E  conftest.c
configure:9857: $? = 0
configure:9871: emcc -E  conftest.c
conftest.c:13:10: fatal error: 'ac_nonexistent.h' file not found
   13 | #include <ac_nonexistent.h>
      |          ^~~~~~~~~~~~~~~~~~
1 error generated.
configure:9871: $? = 1
configure: failed program was:
| /* confdefs.h */
| #define PACKAGE_NAME "GNU MP"
| #define PACKAGE_TARNAME "gmp"
| #define PACKAGE_VERSION "6.3.0"
| #define PACKAGE_STRING "GNU MP 6.3.0"
| #define PACKAGE_BUGREPORT "gmp-bugs@gmplib.org (see https://gmplib.org/manual/Reporting-Bugs.html)"
| #define PACKAGE_URL "http://www.gnu.org/software/gmp/"
| #define PACKAGE "gmp"
| #define VERSION "6.3.0"
| #define WANT_FFT 1
| #define HAVE_HOST_CPU_none 1
| /* end confdefs.h.  */
| #include <ac_nonexistent.h>
configure:9896: result: emcc -E
configure:9916: emcc -E  conftest.c
configure:9916: $? = 0
configure:9930: emcc -E  conftest.c
conftest.c:13:10: fatal error: 'ac_nonexistent.h' file not found
   13 | #include <ac_nonexistent.h>
      |          ^~~~~~~~~~~~~~~~~~
1 error generated.
configure:9930: $? = 1
configure: failed program was:
| /* confdefs.h */
| #define PACKAGE_NAME "GNU MP"
| #define PACKAGE_TARNAME "gmp"
| #define PACKAGE_VERSION "6.3.0"
| #define PACKAGE_STRING "GNU MP 6.3.0"
| #define PACKAGE_BUGREPORT "gmp-bugs@gmplib.org (see https://gmplib.org/manual/Reporting-Bugs.html)"
| #define PACKAGE_URL "http://www.gnu.org/software/gmp/"
| #define PACKAGE "gmp"
| #define VERSION "6.3.0"
| #define WANT_FFT 1
| #define HAVE_HOST_CPU_none 1
| /* end confdefs.h.  */
| #include <ac_nonexistent.h>
configure:9998: checking build system compiler /nix/store/493xx1c852xw8lmyfbkc91vk0w70cc3w-emscripten-llvm-3.1.64/bin/clang
configure:10011: /nix/store/493xx1c852xw8lmyfbkc91vk0w70cc3w-emscripten-llvm-3.1.64/bin/clang conftest.c
/nix/store/f3k0rdhcd2cx57phx755c2xixgifw5m5-binutils-2.42/bin/ld: cannot find Scrt1.o: No such file or directory
/nix/store/f3k0rdhcd2cx57phx755c2xixgifw5m5-binutils-2.42/bin/ld: cannot find crti.o: No such file or directory
/nix/store/f3k0rdhcd2cx57phx755c2xixgifw5m5-binutils-2.42/bin/ld: cannot find crtbeginS.o: No such file or directory
/nix/store/f3k0rdhcd2cx57phx755c2xixgifw5m5-binutils-2.42/bin/ld: cannot find -lgcc: No such file or directory
/nix/store/f3k0rdhcd2cx57phx755c2xixgifw5m5-binutils-2.42/bin/ld: cannot find -lgcc_s: No such file or directory
clang: error: linker command failed with exit code 1 (use -v to see invocation)
configure:10014: $? = 1
configure:10021: result: no
configure:10026: error: Specified HOST_CC doesn't seem to work

## ---------------- ##
## Cache variables. ##
## ---------------- ##

ac_cv_build=aarch64-unknown-linux-gnu
ac_cv_c_compiler_gnu=yes
ac_cv_env_ABI_set=
ac_cv_env_ABI_value=
ac_cv_env_CCC_set=
ac_cv_env_CCC_value=
ac_cv_env_CC_FOR_BUILD_set=
ac_cv_env_CC_FOR_BUILD_value=
ac_cv_env_CC_set=set
ac_cv_env_CC_value=emcc
ac_cv_env_CFLAGS_set=
ac_cv_env_CFLAGS_value=
ac_cv_env_CPPFLAGS_set=
ac_cv_env_CPPFLAGS_value=
ac_cv_env_CPP_FOR_BUILD_set=
ac_cv_env_CPP_FOR_BUILD_value=
ac_cv_env_CPP_set=
ac_cv_env_CPP_value=
ac_cv_env_CXXCPP_set=
ac_cv_env_CXXCPP_value=
ac_cv_env_CXXFLAGS_set=
ac_cv_env_CXXFLAGS_value=
ac_cv_env_CXX_set=set
ac_cv_env_CXX_value=/nix/store/3x97fiw6g5x1r18f5iikvl5fsn487lnm-emscripten-3.1.64/bin/em++
ac_cv_env_LDFLAGS_set=
ac_cv_env_LDFLAGS_value=
ac_cv_env_LIBS_set=
ac_cv_env_LIBS_value=
ac_cv_env_LT_SYS_LIBRARY_PATH_set=
ac_cv_env_LT_SYS_LIBRARY_PATH_value=
ac_cv_env_M4_set=
ac_cv_env_M4_value=
ac_cv_env_YACC_set=
ac_cv_env_YACC_value=
ac_cv_env_YFLAGS_set=
ac_cv_env_YFLAGS_value=
ac_cv_env_build_alias_set=
ac_cv_env_build_alias_value=
ac_cv_env_host_alias_set=set
ac_cv_env_host_alias_value=none-none-none
ac_cv_env_target_alias_set=
ac_cv_env_target_alias_value=
ac_cv_host=none-none-none
ac_cv_objext=o
ac_cv_path_install='/nix/store/ssqdazslv2wjpybnk0pjwnpq0dfpa6q2-coreutils-9.5/bin/install -c'
ac_cv_path_mkdir=/nix/store/ssqdazslv2wjpybnk0pjwnpq0dfpa6q2-coreutils-9.5/bin/mkdir
ac_cv_prog_AWK=gawk
ac_cv_prog_CC=emcc
ac_cv_prog_CPP='emcc -E'
ac_cv_prog_STRIP=strip
ac_cv_prog_cc_c89=
ac_cv_prog_cc_c99=
ac_cv_prog_cc_g=yes
ac_cv_prog_make_make_set=yes
am_cv_make_support_nested_variables=yes
am_cv_prog_cc_c_o=yes

## ----------------- ##
## Output variables. ##
## ----------------- ##

ABI='standard'
ACLOCAL='${SHELL} /home/adrian/programming/cpp/emcctest/gmp-6.3.0/missing aclocal-1.15'
AMTAR='$${TAR-tar}'
AM_BACKSLASH='\'
AM_DEFAULT_V='$(AM_DEFAULT_VERBOSITY)'
AM_DEFAULT_VERBOSITY='1'
AM_V='$(V)'
AR='/nix/store/3x97fiw6g5x1r18f5iikvl5fsn487lnm-emscripten-3.1.64/bin/emar'
AS='as'
ASMFLAGS=''
AUTOCONF='${SHELL} /home/adrian/programming/cpp/emcctest/gmp-6.3.0/missing autoconf'
AUTOHEADER='${SHELL} /home/adrian/programming/cpp/emcctest/gmp-6.3.0/missing autoheader'
AUTOMAKE='${SHELL} /home/adrian/programming/cpp/emcctest/gmp-6.3.0/missing automake-1.15'
AWK='gawk'
CALLING_CONVENTIONS_OBJS=''
CC='emcc'
CCAS=''
CC_FOR_BUILD=''
CFLAGS='-O2 -pedantic'
CPP='emcc -E'
CPPFLAGS=''
CPP_FOR_BUILD=''
CXX='/nix/store/3x97fiw6g5x1r18f5iikvl5fsn487lnm-emscripten-3.1.64/bin/em++'
CXXCPP=''
CXXFLAGS=''
CYGPATH_W='echo'
DEFN_LONG_LONG_LIMB='/* #undef _LONG_LONG_LIMB */'
DEFS=''
DLLTOOL=''
DSYMUTIL=''
DUMPBIN=''
ECHO_C=''
ECHO_N='-n'
ECHO_T=''
EGREP=''
ENABLE_STATIC_FALSE=''
ENABLE_STATIC_TRUE=''
EXEEXT=''
EXEEXT_FOR_BUILD=''
FGREP=''
GMP_LDFLAGS=''
GMP_LIMB_BITS=''
GMP_NAIL_BITS='0'
GREP=''
HAVE_CLOCK_01=''
HAVE_CPUTIME_01=''
HAVE_GETRUSAGE_01=''
HAVE_GETTIMEOFDAY_01=''
HAVE_HOST_CPU_FAMILY_power='0'
HAVE_HOST_CPU_FAMILY_powerpc='0'
HAVE_SIGACTION_01=''
HAVE_SIGALTSTACK_01=''
HAVE_SIGSTACK_01=''
HAVE_STACK_T_01=''
HAVE_SYS_RESOURCE_H_01=''
INSTALL_DATA='${INSTALL} -m 644'
INSTALL_PROGRAM='${INSTALL}'
INSTALL_SCRIPT='${INSTALL}'
INSTALL_STRIP_PROGRAM='$(install_sh) -c -s'
LD='/nix/store/3x97fiw6g5x1r18f5iikvl5fsn487lnm-emscripten-3.1.64/bin/emcc'
LDFLAGS=''
LEX=''
LEXLIB=''
LEX_OUTPUT_ROOT=''
LIBCURSES=''
LIBGMPXX_LDFLAGS=''
LIBGMP_DLL=''
LIBGMP_LDFLAGS=''
LIBM=''
LIBM_FOR_BUILD=''
LIBOBJS=''
LIBREADLINE=''
LIBS=''
LIBTOOL=''
LIPO=''
LN_S=''
LTLIBOBJS=''
LT_SYS_LIBRARY_PATH=''
M4=''
MAINT='#'
MAINTAINER_MODE_FALSE=''
MAINTAINER_MODE_TRUE='#'
MAKEINFO='${SHELL} /home/adrian/programming/cpp/emcctest/gmp-6.3.0/missing makeinfo'
MANIFEST_TOOL=''
MKDIR_P='/nix/store/ssqdazslv2wjpybnk0pjwnpq0dfpa6q2-coreutils-9.5/bin/mkdir -p'
NM='/nix/store/493xx1c852xw8lmyfbkc91vk0w70cc3w-emscripten-llvm-3.1.64/bin/llvm-nm'
NMEDIT=''
OBJDUMP='objdump'
OBJEXT='o'
OTOOL64=''
OTOOL=''
PACKAGE='gmp'
PACKAGE_BUGREPORT='gmp-bugs@gmplib.org (see https://gmplib.org/manual/Reporting-Bugs.html)'
PACKAGE_NAME='GNU MP'
PACKAGE_STRING='GNU MP 6.3.0'
PACKAGE_TARNAME='gmp'
PACKAGE_URL='http://www.gnu.org/software/gmp/'
PACKAGE_VERSION='6.3.0'
PATH_SEPARATOR=':'
RANLIB='/nix/store/3x97fiw6g5x1r18f5iikvl5fsn487lnm-emscripten-3.1.64/bin/emranlib'
SED=''
SET_MAKE=''
SHELL='/nix/store/8jind2ncd72hlzym9pghjjdj79fvqzv5-bash-5.2p32/bin/bash'
SPEED_CYCLECOUNTER_OBJ=''
STRIP='strip'
TAL_OBJECT=''
TUNE_LIBS=''
TUNE_SQR_OBJ=''
U_FOR_BUILD=''
VERSION='6.3.0'
WANT_CXX_FALSE=''
WANT_CXX_TRUE=''
WITH_READLINE_01=''
YACC=''
YFLAGS=''
ac_ct_AR=''
ac_ct_CC=''
ac_ct_CXX=''
ac_ct_DUMPBIN=''
am__EXEEXT_FALSE=''
am__EXEEXT_TRUE=''
am__isrc=''
am__leading_dot='.'
am__tar='$${TAR-tar} chof - "$$tardir"'
am__untar='$${TAR-tar} xf -'
bindir='${exec_prefix}/bin'
build='aarch64-unknown-linux-gnu'
build_alias=''
build_cpu='aarch64'
build_os='linux-gnu'
build_vendor='unknown'
datadir='${datarootdir}'
datarootdir='${prefix}/share'
docdir='${datarootdir}/doc/${PACKAGE_TARNAME}'
dvidir='${docdir}'
exec_prefix='NONE'
gmp_srclinks=''
host='none-none-none'
host_alias='none-none-none'
host_cpu='none'
host_os='none'
host_vendor='none'
htmldir='${docdir}'
includedir='${prefix}/include'
infodir='${datarootdir}/info'
install_sh='${SHELL} /home/adrian/programming/cpp/emcctest/gmp-6.3.0/install-sh'
libdir='${exec_prefix}/lib'
libexecdir='${exec_prefix}/libexec'
localedir='${datarootdir}/locale'
localstatedir='${prefix}/var'
mandir='${datarootdir}/man'
mkdir_p='$(MKDIR_P)'
mpn_objects=''
mpn_objs_in_libgmp=''
oldincludedir='/usr/include'
pdfdir='${docdir}'
prefix='NONE'
program_transform_name='s,x,x,'
psdir='${docdir}'
sbindir='${exec_prefix}/sbin'
sharedstatedir='${prefix}/com'
sysconfdir='${prefix}/etc'
target_alias=''

## ----------- ##
## confdefs.h. ##
## ----------- ##

/* confdefs.h */
#define PACKAGE_NAME "GNU MP"
#define PACKAGE_TARNAME "gmp"
#define PACKAGE_VERSION "6.3.0"
#define PACKAGE_STRING "GNU MP 6.3.0"
#define PACKAGE_BUGREPORT "gmp-bugs@gmplib.org (see https://gmplib.org/manual/Reporting-Bugs.html)"
#define PACKAGE_URL "http://www.gnu.org/software/gmp/"
#define PACKAGE "gmp"
#define VERSION "6.3.0"
#define WANT_FFT 1
#define HAVE_HOST_CPU_none 1

configure: exit 1
